/*C66*/SET SCHEMA PUBLIC
INSERT INTO PRODUTO VALUES(36,'Celular','Nokia 2760')
COMMIT
/*C65*/SET SCHEMA PUBLIC
DISCONNECT
/*C67*/SET SCHEMA PUBLIC
DISCONNECT
/*C66*/SET SCHEMA PUBLIC
DISCONNECT
/*C68*/SET SCHEMA PUBLIC
create table Categoria (id integer generated by default as identity primary key, nome varchar(255))\u000a
INSERT INTO CATEGORIA VALUES(0,'Eletrodom\u00e9stico')
COMMIT
INSERT INTO CATEGORIA VALUES(1,'Eletr\u00f4nico')
COMMIT
INSERT INTO CATEGORIA VALUES(2,'M\u00f3vel')
COMMIT
alter table Produto add column categoria_id integer
DELETE FROM PRODUTO WHERE ID=1
DELETE FROM PRODUTO WHERE ID=2
INSERT INTO PRODUTO VALUES(1,'Geladeira','Geladeira duas portas',0)
INSERT INTO PRODUTO VALUES(2,'Ferro de passar','Ferro de passar roupa com vaporizador',0)
COMMIT
DELETE FROM PRODUTO WHERE ID=3
DELETE FROM PRODUTO WHERE ID=34
DELETE FROM PRODUTO WHERE ID=35
DELETE FROM PRODUTO WHERE ID=36
INSERT INTO PRODUTO VALUES(3,'notebook','notebook i5',1)
INSERT INTO PRODUTO VALUES(34,'TV LCD','32 polegadas',1)
INSERT INTO PRODUTO VALUES(35,'Blueray','Full HDMI',1)
INSERT INTO PRODUTO VALUES(36,'Celular','Nokia 2760',1)
COMMIT
INSERT INTO PRODUTO VALUES(37,'Mesa','Mesa Azul',2)
COMMIT
